<?xml version="1.0" encoding="UTF-8"?>
<!-- Generated by org.testng.reporters.JUnitReportReporter -->
<testsuite ignored="0" hostname="DESKTOP-L2DDO2Q" failures="0" tests="1" name="org.testing.testScripts.TC6_GetRequest" time="0.114" errors="0" timestamp="08 Jun 2024 12:35:48 GMT" skipped="0">
  <testcase classname="org.testing.testScripts.TC6_GetRequest" name="testcase6" time="0.114"/>
</testsuite> <!-- org.testing.testScripts.TC6_GetRequest -->
