<?xml version="1.0" encoding="UTF-8"?>
<!-- Generated by org.testng.reporters.JUnitReportReporter -->
<testsuite hostname="DESKTOP-L2DDO2Q" failures="1" tests="1" name="org.testing.testScripts.TC4_PutRequest" time="0.010" errors="0" timestamp="6 Jun 2024 06:58:17 GMT">
  <testcase classname="org.testing.testScripts.TC4_PutRequest" name="testcase4" time="0.010">
    <failure message="Cannot invoke &quot;String.length()&quot; because &quot;replacement&quot; is null" type="java.lang.NullPointerException">
      <![CDATA[java.lang.NullPointerException: Cannot invoke "String.length()" because "replacement" is null
	at java.base/java.util.regex.Matcher.appendExpandedReplacement(Matcher.java:1058)
	at java.base/java.util.regex.Matcher.appendReplacement(Matcher.java:1041)
	at java.base/java.util.regex.Matcher.replaceAll(Matcher.java:1227)
	at java.base/java.lang.String.replaceAll(String.java:3111)
	at org.testing.utilities.JsonReplacement.assignJsonValue(JsonReplacement.java:12)
	at org.testing.testScripts.TC4_PutRequest.testcase4(TC4_PutRequest.java:20)
	at java.base/jdk.internal.reflect.DirectMethodHandleAccessor.invoke(DirectMethodHandleAccessor.java:103)
	at java.base/java.lang.reflect.Method.invoke(Method.java:580)
	at org.testng.internal.MethodInvocationHelper.invokeMethod(MethodInvocationHelper.java:84)
	at org.testng.internal.Invoker.invokeMethod(Invoker.java:714)
	at org.testng.internal.Invoker.invokeTestMethod(Invoker.java:901)
	at org.testng.internal.Invoker.invokeTestMethods(Invoker.java:1231)
	at org.testng.internal.TestMethodWorker.invokeTestMethods(TestMethodWorker.java:127)
	at org.testng.internal.TestMethodWorker.run(TestMethodWorker.java:111)
	at org.testng.TestRunner.privateRun(TestRunner.java:767)
	at org.testng.TestRunner.run(TestRunner.java:617)
	at org.testng.SuiteRunner.runTest(SuiteRunner.java:348)
	at org.testng.SuiteRunner.runSequentially(SuiteRunner.java:343)
	at org.testng.SuiteRunner.privateRun(SuiteRunner.java:305)
	at org.testng.SuiteRunner.run(SuiteRunner.java:254)
	at org.testng.SuiteRunnerWorker.runSuite(SuiteRunnerWorker.java:52)
	at org.testng.SuiteRunnerWorker.run(SuiteRunnerWorker.java:86)
	at org.testng.TestNG.runSuitesSequentially(TestNG.java:1224)
	at org.testng.TestNG.runSuitesLocally(TestNG.java:1149)
	at org.testng.TestNG.run(TestNG.java:1057)
	at org.testng.remote.AbstractRemoteTestNG.run(AbstractRemoteTestNG.java:115)
	at org.testng.remote.RemoteTestNG.initAndRun(RemoteTestNG.java:293)
	at org.testng.remote.RemoteTestNG.main(RemoteTestNG.java:91)
]]>
    </failure>
  </testcase> <!-- testcase4 -->
</testsuite> <!-- org.testing.testScripts.TC4_PutRequest -->
